
User dropped.


User created.


User altered.


User altered.


Grant succeeded.


Grant succeeded.

Connected.

Grant succeeded.

Connected.

Session altered.


Session altered.


Table created.


Table created.


Table created.


Table created.


Table created.


Table created.


Table created.


Table created.


Table created.


Table created.


Table created.


Table created.


Table created.


Table created.


Table created.


Table created.


Table created.


Table created.


Table created.


Table altered.


Table altered.


Table altered.


Table altered.


Table altered.

ALTER TABLE info_add
*
ERROR at line 1:
ORA-00942: table or view does not exist 



Table altered.


Table altered.


Table altered.


Table altered.


Table altered.


Table altered.


Table altered.


Table altered.


Table altered.


Table altered.


Table altered.


Table altered.


Table altered.


Table altered.


Table altered.


Table altered.


Sequence created.


Trigger created.


1 row created.


1 row created.


1 row created.


1 row created.


1 row created.


1 row created.


1 row created.


1 row created.


1 row created.


1 row created.

